[debug] [2018-05-17T02:00:23.204Z] ----------------------------------------------------------------------
[debug] [2018-05-17T02:00:23.205Z] Command:       /usr/local/bin/node /usr/local/bin/firebase serve --only functions
[debug] [2018-05-17T02:00:23.205Z] CLI Version:   3.18.4
[debug] [2018-05-17T02:00:23.205Z] Platform:      darwin
[debug] [2018-05-17T02:00:23.205Z] Node Version:  v10.0.0
[debug] [2018-05-17T02:00:23.206Z] Time:          Wed May 16 2018 23:00:23 GMT-0300 (-03)
[debug] [2018-05-17T02:00:23.206Z] ----------------------------------------------------------------------
[debug] 
[debug] [2018-05-17T02:00:23.214Z] > command requires scopes: ["email","openid","https://www.googleapis.com/auth/cloudplatformprojects.readonly","https://www.googleapis.com/auth/firebase","https://www.googleapis.com/auth/cloud-platform"]
[debug] [2018-05-17T02:00:23.214Z] > authorizing via signed-in user
[debug] [2018-05-17T02:00:23.215Z] >>> HTTP REQUEST GET https://admin.firebase.com/v1/projects/bolovers-app  
  
 Wed May 16 2018 23:00:23 GMT-0300 (-03)
[debug] [2018-05-17T02:00:24.182Z] <<< HTTP RESPONSE 200
[debug] [2018-05-17T02:00:24.183Z] >>> HTTP REQUEST GET https://admin.firebase.com/v1/database/bolovers-app/tokens  
  
 Wed May 16 2018 23:00:24 GMT-0300 (-03)
[debug] [2018-05-17T02:00:25.602Z] <<< HTTP RESPONSE 200
[debug] [2018-05-17T02:00:25.603Z] >>> HTTP REQUEST GET https://cloudresourcemanager.googleapis.com/v1/projects/bolovers-app  
  
 Wed May 16 2018 23:00:25 GMT-0300 (-03)
[debug] [2018-05-17T02:00:26.654Z] <<< HTTP RESPONSE 200
[info] 
[info] === Serving from '/Users/romulo/dev/bolovers'...
[info] 
[info] i  functions: Preparing to emulate functions.
[debug] [2018-05-17T02:00:27.110Z] Fetching environment
[debug] [2018-05-17T02:00:27.112Z] >>> HTTP REQUEST GET https://mobilesdk-pa.googleapis.com/v1/projects/719454564234:getServerAppConfig  
  
 Wed May 16 2018 23:00:27 GMT-0300 (-03)
[debug] [2018-05-17T02:00:27.771Z] <<< HTTP RESPONSE 200
[debug] [2018-05-17T02:00:27.772Z] Starting @google-cloud/functions-emulator
[debug] [2018-05-17T02:00:28.849Z] Parsing function triggers
[debug] [2018-05-17T02:00:29.033Z] Error while deploying to emulator: RangeError [ERR_OUT_OF_RANGE]: The value of "value" is out of range. It must be >= -2147483648 and <= 2147483647. Received 3413846704
RangeError [ERR_OUT_OF_RANGE]: The value of "value" is out of range. It must be >= -2147483648 and <= 2147483647. Received 3413846704
    at checkInt (internal/buffer.js:35:11)
    at writeU_Int32LE (internal/buffer.js:515:3)
    at Buffer.writeInt32LE (internal/buffer.js:684:10)
    at Object.entryHeaderToBinary (/usr/local/lib/node_modules/firebase-tools/node_modules/adm-zip/headers/entryHeader.js:216:18)
    at Object.packHeader (/usr/local/lib/node_modules/firebase-tools/node_modules/adm-zip/zipEntry.js:260:39)
    at /usr/local/lib/node_modules/firebase-tools/node_modules/adm-zip/zipFile.js:198:41
    at Array.forEach (<anonymous>)
    at Object.compressToBuffer (/usr/local/lib/node_modules/firebase-tools/node_modules/adm-zip/zipFile.js:182:23)
    at Object.writeZip (/usr/local/lib/node_modules/firebase-tools/node_modules/adm-zip/adm-zip.js:454:32)
    at client.generateUploadUrl.then.then (/usr/local/lib/node_modules/firebase-tools/node_modules/@google-cloud/functions-emulator/src/cli/controller.js:168:13)
[warn] ⚠  functions: Failed to emulate helloWorld
