[debug] [2018-05-17T03:35:06.625Z] ----------------------------------------------------------------------
[debug] [2018-05-17T03:35:06.627Z] Command:       /usr/local/bin/node /usr/local/bin/firebase serve --only functions,hosting
[debug] [2018-05-17T03:35:06.627Z] CLI Version:   3.18.4
[debug] [2018-05-17T03:35:06.627Z] Platform:      darwin
[debug] [2018-05-17T03:35:06.627Z] Node Version:  v8.11.2
[debug] [2018-05-17T03:35:06.628Z] Time:          Thu May 17 2018 00:35:06 GMT-0300 (-03)
[debug] [2018-05-17T03:35:06.628Z] ----------------------------------------------------------------------
[debug] 
[debug] [2018-05-17T03:35:06.636Z] > command requires scopes: ["email","openid","https://www.googleapis.com/auth/cloudplatformprojects.readonly","https://www.googleapis.com/auth/firebase","https://www.googleapis.com/auth/cloud-platform"]
[debug] [2018-05-17T03:35:06.636Z] > authorizing via signed-in user
[debug] [2018-05-17T03:35:06.638Z] >>> HTTP REQUEST GET https://admin.firebase.com/v1/projects/bolovers-app  
  
 Thu May 17 2018 00:35:06 GMT-0300 (-03)
[debug] [2018-05-17T03:35:07.907Z] <<< HTTP RESPONSE 200
[debug] [2018-05-17T03:35:07.907Z] >>> HTTP REQUEST GET https://admin.firebase.com/v1/database/bolovers-app/tokens  
  
 Thu May 17 2018 00:35:07 GMT-0300 (-03)
[debug] [2018-05-17T03:35:08.650Z] <<< HTTP RESPONSE 200
[debug] [2018-05-17T03:35:08.652Z] >>> HTTP REQUEST GET https://cloudresourcemanager.googleapis.com/v1/projects/bolovers-app  
  
 Thu May 17 2018 00:35:08 GMT-0300 (-03)
[debug] [2018-05-17T03:35:09.669Z] <<< HTTP RESPONSE 200
[info] 
[info] === Serving from '/Users/romulo/dev/bolovers'...
[info] 
[info] i  functions: Preparing to emulate functions.
[debug] [2018-05-17T03:35:10.119Z] Fetching environment
[debug] [2018-05-17T03:35:10.121Z] >>> HTTP REQUEST GET https://mobilesdk-pa.googleapis.com/v1/projects/719454564234:getServerAppConfig  
  
 Thu May 17 2018 00:35:10 GMT-0300 (-03)
[debug] [2018-05-17T03:35:10.122Z] >>> HTTP REQUEST GET https://mobilesdk-pa.googleapis.com/v1/projects/719454564234/clients/_:getWebAppConfig  
  
 Thu May 17 2018 00:35:10 GMT-0300 (-03)
[debug] [2018-05-17T03:35:11.451Z] <<< HTTP RESPONSE 200
[debug] [2018-05-17T03:35:11.452Z] Starting @google-cloud/functions-emulator
[debug] [2018-05-17T03:35:11.486Z] <<< HTTP RESPONSE 200
[info] i  hosting: Serving hosting files from: public
[info] ✔  hosting: Local server: http://localhost:5000

[debug] [2018-05-17T03:35:12.542Z] Parsing function triggers
[info] ✔  functions: app: http://localhost:5001/bolovers-app/us-central1/app
[info] [hosting] Rewriting /hello to local function app
[info] [hosting] Rewriting /hello to local function app
[info] [hosting] Rewriting /hello to local function app
[info] [hosting] Rewriting /hello to local function app
[info] [hosting] Rewriting /hello to local function app
